<?xml version="1.0" encoding="UTF-8"?>
<testsuite xmlns:xsi="http://www.w3.org/2001/XMLSchema-instance" xsi:noNamespaceSchemaLocation="https://maven.apache.org/surefire/maven-surefire-plugin/xsd/surefire-test-report-3.0.xsd" version="3.0" name="sistemagestioncombos.ArchivoComboTest$ArchivoComboTestAdicional" time="0.087" tests="22" errors="0" skipped="0" failures="0">
  <properties>
    <property name="java.specification.version" value="17"/>
    <property name="sun.cpu.isalist" value="amd64"/>
    <property name="sun.jnu.encoding" value="Cp1252"/>
    <property name="java.class.path" value="C:\Users\elgej\OneDrive\Documents\U COMPENSAR\CUARTO SEMESTRE\PRUEBAS DE SOFTWARE II\ProyectoCombos\target\test-classes;C:\Users\elgej\OneDrive\Documents\U COMPENSAR\CUARTO SEMESTRE\PRUEBAS DE SOFTWARE II\ProyectoCombos\target\classes;C:\Users\elgej\.m2\repository\org\junit\jupiter\junit-jupiter\5.9.3\junit-jupiter-5.9.3.jar;C:\Users\elgej\.m2\repository\org\junit\jupiter\junit-jupiter-api\5.9.3\junit-jupiter-api-5.9.3.jar;C:\Users\elgej\.m2\repository\org\opentest4j\opentest4j\1.2.0\opentest4j-1.2.0.jar;C:\Users\elgej\.m2\repository\org\junit\platform\junit-platform-commons\1.9.3\junit-platform-commons-1.9.3.jar;C:\Users\elgej\.m2\repository\org\apiguardian\apiguardian-api\1.1.2\apiguardian-api-1.1.2.jar;C:\Users\elgej\.m2\repository\org\junit\jupiter\junit-jupiter-params\5.9.3\junit-jupiter-params-5.9.3.jar;C:\Users\elgej\.m2\repository\org\junit\jupiter\junit-jupiter-engine\5.9.3\junit-jupiter-engine-5.9.3.jar;C:\Users\elgej\.m2\repository\org\junit\platform\junit-platform-engine\1.9.3\junit-platform-engine-1.9.3.jar;C:\Users\elgej\.m2\repository\org\mockito\mockito-core\5.5.0\mockito-core-5.5.0.jar;C:\Users\elgej\.m2\repository\net\bytebuddy\byte-buddy\1.14.6\byte-buddy-1.14.6.jar;C:\Users\elgej\.m2\repository\net\bytebuddy\byte-buddy-agent\1.14.6\byte-buddy-agent-1.14.6.jar;C:\Users\elgej\.m2\repository\org\objenesis\objenesis\3.3\objenesis-3.3.jar;C:\Users\elgej\.m2\repository\org\mockito\mockito-junit-jupiter\5.5.0\mockito-junit-jupiter-5.5.0.jar;"/>
    <property name="java.vm.vendor" value="Oracle Corporation"/>
    <property name="sun.arch.data.model" value="64"/>
    <property name="user.variant" value=""/>
    <property name="java.vendor.url" value="https://java.oracle.com/"/>
    <property name="user.timezone" value="America/Bogota"/>
    <property name="os.name" value="Windows 11"/>
    <property name="java.vm.specification.version" value="17"/>
    <property name="sun.java.launcher" value="SUN_STANDARD"/>
    <property name="user.country" value="CO"/>
    <property name="sun.boot.library.path" value="C:\Program Files\Java\jdk-17\bin"/>
    <property name="sun.java.command" value="C:\Users\elgej\AppData\Local\Temp\surefire11283161389648631651\surefirebooter-20251001213616583_3.jar C:\Users\elgej\AppData\Local\Temp\surefire11283161389648631651 2025-10-01T21-36-16_250-jvmRun1 surefire-20251001213616583_1tmp surefire_0-20251001213616583_2tmp"/>
    <property name="jdk.debug" value="release"/>
    <property name="surefire.test.class.path" value="C:\Users\elgej\OneDrive\Documents\U COMPENSAR\CUARTO SEMESTRE\PRUEBAS DE SOFTWARE II\ProyectoCombos\target\test-classes;C:\Users\elgej\OneDrive\Documents\U COMPENSAR\CUARTO SEMESTRE\PRUEBAS DE SOFTWARE II\ProyectoCombos\target\classes;C:\Users\elgej\.m2\repository\org\junit\jupiter\junit-jupiter\5.9.3\junit-jupiter-5.9.3.jar;C:\Users\elgej\.m2\repository\org\junit\jupiter\junit-jupiter-api\5.9.3\junit-jupiter-api-5.9.3.jar;C:\Users\elgej\.m2\repository\org\opentest4j\opentest4j\1.2.0\opentest4j-1.2.0.jar;C:\Users\elgej\.m2\repository\org\junit\platform\junit-platform-commons\1.9.3\junit-platform-commons-1.9.3.jar;C:\Users\elgej\.m2\repository\org\apiguardian\apiguardian-api\1.1.2\apiguardian-api-1.1.2.jar;C:\Users\elgej\.m2\repository\org\junit\jupiter\junit-jupiter-params\5.9.3\junit-jupiter-params-5.9.3.jar;C:\Users\elgej\.m2\repository\org\junit\jupiter\junit-jupiter-engine\5.9.3\junit-jupiter-engine-5.9.3.jar;C:\Users\elgej\.m2\repository\org\junit\platform\junit-platform-engine\1.9.3\junit-platform-engine-1.9.3.jar;C:\Users\elgej\.m2\repository\org\mockito\mockito-core\5.5.0\mockito-core-5.5.0.jar;C:\Users\elgej\.m2\repository\net\bytebuddy\byte-buddy\1.14.6\byte-buddy-1.14.6.jar;C:\Users\elgej\.m2\repository\net\bytebuddy\byte-buddy-agent\1.14.6\byte-buddy-agent-1.14.6.jar;C:\Users\elgej\.m2\repository\org\objenesis\objenesis\3.3\objenesis-3.3.jar;C:\Users\elgej\.m2\repository\org\mockito\mockito-junit-jupiter\5.5.0\mockito-junit-jupiter-5.5.0.jar;"/>
    <property name="sun.cpu.endian" value="little"/>
    <property name="user.home" value="C:\Users\elgej"/>
    <property name="user.language" value="es"/>
    <property name="java.specification.vendor" value="Oracle Corporation"/>
    <property name="java.version.date" value="2024-07-16"/>
    <property name="java.home" value="C:\Program Files\Java\jdk-17"/>
    <property name="file.separator" value="\"/>
    <property name="basedir" value="C:\Users\elgej\OneDrive\Documents\U COMPENSAR\CUARTO SEMESTRE\PRUEBAS DE SOFTWARE II\ProyectoCombos"/>
    <property name="java.vm.compressedOopsMode" value="Zero based"/>
    <property name="line.separator" value="&#10;"/>
    <property name="java.vm.specification.vendor" value="Oracle Corporation"/>
    <property name="java.specification.name" value="Java Platform API Specification"/>
    <property name="surefire.real.class.path" value="C:\Users\elgej\AppData\Local\Temp\surefire11283161389648631651\surefirebooter-20251001213616583_3.jar"/>
    <property name="user.script" value=""/>
    <property name="sun.management.compiler" value="HotSpot 64-Bit Tiered Compilers"/>
    <property name="java.runtime.version" value="17.0.12+8-LTS-286"/>
    <property name="user.name" value="elgej"/>
    <property name="path.separator" value=";"/>
    <property name="os.version" value="10.0"/>
    <property name="java.runtime.name" value="Java(TM) SE Runtime Environment"/>
    <property name="file.encoding" value="Cp1252"/>
    <property name="java.vm.name" value="Java HotSpot(TM) 64-Bit Server VM"/>
    <property name="localRepository" value="C:\Users\elgej\.m2\repository"/>
    <property name="java.vendor.url.bug" value="https://bugreport.java.com/bugreport/"/>
    <property name="java.io.tmpdir" value="C:\Users\elgej\AppData\Local\Temp\"/>
    <property name="idea.version" value="2023.3.8"/>
    <property name="java.version" value="17.0.12"/>
    <property name="user.dir" value="C:\Users\elgej\OneDrive\Documents\U COMPENSAR\CUARTO SEMESTRE\PRUEBAS DE SOFTWARE II\ProyectoCombos"/>
    <property name="os.arch" value="amd64"/>
    <property name="java.vm.specification.name" value="Java Virtual Machine Specification"/>
    <property name="sun.os.patch.level" value=""/>
    <property name="native.encoding" value="Cp1252"/>
    <property name="java.library.path" value="C:\Program Files\Java\jdk-17\bin;C:\Windows\Sun\Java\bin;C:\Windows\system32;C:\Windows;C:\Program Files\Eclipse Adoptium\jdk-21.0.8.9-hotspot\bin;C:\Windows\system32;C:\Windows;C:\Windows\System32\Wbem;C:\Windows\System32\WindowsPowerShell\v1.0\;C:\Windows\System32\OpenSSH\;C:\Program Files\Git\cmd;C:\Program Files\Git\mingw64\bin;C:\Program Files\Git\usr\bin;C:\Program Files\Java\jdk-17\bin;C:\Program Files\PostgreSQL\17\bin;C:\Program Files\MySQL\MySQL Shell 8.0\bin\;C:\Users\elgej\AppData\Local\Microsoft\WindowsApps;C:\Users\elgej\AppData\Local\Programs\Microsoft VS Code\bin;C:\Program Files\MySQL\MySQL Server 8.0\bin;C:\Program Files\Eclipse Adoptium\jdk-21.0.8.9-hotspot\bin;C:\Program Files\MySQL\MySQL Shell 8.0\bin\;C:\Users\elgej\AppData\Local\Microsoft\WindowsApps;C:\Users\elgej\AppData\Local\Programs\Microsoft VS Code\bin;C:\Users\elgej\AppData\Local\Packages\PythonSoftwareFoundation.Python.3.12_qbz5n2kfra8p0\LocalCache\local-packages\Python312\Scripts;C:\Program Files\JetBrains\IntelliJ IDEA 2023.3.8\bin;;."/>
    <property name="java.vm.info" value="mixed mode"/>
    <property name="java.vendor" value="Oracle Corporation"/>
    <property name="java.vm.version" value="17.0.12+8-LTS-286"/>
    <property name="sun.io.unicode.encoding" value="UnicodeLittle"/>
    <property name="java.class.version" value="61.0"/>
  </properties>
  <testcase name="cargarCombos_ArchivoValido_CargaCorrectamente" classname="sistemagestioncombos.ArchivoComboTest" time="1.165"/>
  <testcase name="cargarCombos_ProductosInexistentes_SoloAgregaExistentes" classname="sistemagestioncombos.ArchivoComboTest" time="0.006"/>
  <testcase name="guardarCombos_ListaValida_EscribeCorrectamente" classname="sistemagestioncombos.ArchivoComboTest" time="0.022"/>
  <testcase name="constructor_RutaVacia_LanzaExcepcion" classname="sistemagestioncombos.ArchivoComboTest" time="0.006"/>
  <testcase name="constructor_RutaNula_LanzaExcepcion" classname="sistemagestioncombos.ArchivoComboTest" time="0.004"/>
  <testcase name="cargarCombos_ArchivoVacio_RetornaListaVacia" classname="sistemagestioncombos.ArchivoComboTest" time="0.004"/>
  <testcase name="cargarCombos_DatosMalformados_LanzaNumberFormatException" classname="sistemagestioncombos.ArchivoComboTest" time="0.006"/>
  <testcase name="constructor_RutaValida_CreaInstancia" classname="sistemagestioncombos.ArchivoComboTest" time="0.003"/>
  <testcase name="guardarCombos_ListaVacia_EscribeArchivoVacio" classname="sistemagestioncombos.ArchivoComboTest" time="0.004"/>
  <testcase name="cargarCombos_ArchivoNoExistente_RetornaListaVacia" classname="sistemagestioncombos.ArchivoComboTest" time="0.004"/>
  <testcase name="cargarCombos_PreciosNoConcuerdan_DetectaDiferencia" classname="sistemagestioncombos.ArchivoComboTest$ArchivoComboTestAdicional" time="0.009"/>
  <testcase name="cargarCombos_ArchivoNoExiste_EjecutaOrdenamiento" classname="sistemagestioncombos.ArchivoComboTest$ArchivoComboTestAdicional" time="0.005"/>
  <testcase name="guardarCombos_MultiplesCombos_OrdenaCorrectamente" classname="sistemagestioncombos.ArchivoComboTest$ArchivoComboTestAdicional" time="0.007"/>
  <testcase name="cargarCombos_ComboSinProductos_CargaCorrectamente" classname="sistemagestioncombos.ArchivoComboTest$ArchivoComboTestAdicional" time="0.008"/>
  <testcase name="guardarCombos_ComboSinProductos_GuardaCorrectamente" classname="sistemagestioncombos.ArchivoComboTest$ArchivoComboTestAdicional" time="0.006"/>
  <testcase name="cargarCombos_ProductosConEspacios_ManejaTrimCorrectamente" classname="sistemagestioncombos.ArchivoComboTest$ArchivoComboTestAdicional" time="0.007"/>
  <testcase name="cargarCombos_ComasMultiples_ManejaCorrectamente" classname="sistemagestioncombos.ArchivoComboTest$ArchivoComboTestAdicional" time="0.007"/>
  <testcase name="cargarCombos_DatosConEspacios_HaceTrim" classname="sistemagestioncombos.ArchivoComboTest$ArchivoComboTestAdicional" time="0.006"/>
  <testcase name="cargarCombos_LineasMalformadas_IgnoraLineasInvalidas" classname="sistemagestioncombos.ArchivoComboTest$ArchivoComboTestAdicional" time="0.005"/>
  <testcase name="cargarCombos_LineasConCamposExtra_ProcesaCorrectamente" classname="sistemagestioncombos.ArchivoComboTest$ArchivoComboTestAdicional" time="0.007"/>
  <testcase name="guardarYCargar_CicloCompleto_MantieneDatos" classname="sistemagestioncombos.ArchivoComboTest$ArchivoComboTestAdicional" time="0.006"/>
  <testcase name="constructor_RutaSoloEspacios_LanzaExcepcion" classname="sistemagestioncombos.ArchivoComboTest$ArchivoComboTestAdicional" time="0.004"/>
</testsuite>